[Trace - 1:58:39 PM] Sending request 'workspace/diagnostic - (554)'.
[Trace - 1:58:39 PM] Received response 'workspace/diagnostic - (554)' in 1ms.
[Trace - 1:58:39 PM] Sending notification 'textDocument/didChange'.
[Trace - 1:58:40 PM] Sending request 'textDocument/completion - (555)'.
[Trace - 1:58:40 PM] Sending notification 'textDocument/didChange'.
[Trace - 1:58:41 PM] Received request 'workspace/diagnostic/refresh - (76)'.
[Trace - 1:58:41 PM] Sending response 'workspace/diagnostic/refresh - (76)'. Processing request took 0ms
[Trace - 1:58:45 PM] Received request 'workspace/semanticTokens/refresh - (77)'.
[Trace - 1:58:45 PM] Sending response 'workspace/semanticTokens/refresh - (77)'. Processing request took 0ms
[Trace - 1:58:47 PM] Received request 'workspace/inlayHint/refresh - (78)'.
[Trace - 1:58:47 PM] Sending response 'workspace/inlayHint/refresh - (78)'. Processing request took 0ms
[Trace - 1:58:47 PM] Sending request 'textDocument/inlayHint - (556)'.
[Trace - 1:58:47 PM] Received response 'textDocument/completion - (555)' in 6936ms.
[Trace - 1:58:47 PM] Sending notification 'textDocument/didChange'.
[Trace - 1:58:47 PM] Sending notification '$/cancelRequest'.
[Trace - 1:58:47 PM] Received request 'workspace/diagnostic/refresh - (79)'.
[Trace - 1:58:47 PM] Sending response 'workspace/diagnostic/refresh - (79)'. Processing request took 0ms
[Trace - 1:58:47 PM] Received request 'workspace/semanticTokens/refresh - (80)'.
[Trace - 1:58:47 PM] Sending response 'workspace/semanticTokens/refresh - (80)'. Processing request took 0ms
[Trace - 1:58:47 PM] Received request 'workspace/inlayHint/refresh - (81)'.
[Trace - 1:58:47 PM] Sending response 'workspace/inlayHint/refresh - (81)'. Processing request took 0ms
[Trace - 1:58:48 PM] Received response 'textDocument/inlayHint - (556)' in 912ms.
[Trace - 1:58:48 PM] Sending request 'textDocument/inlayHint - (557)'.
[Trace - 1:58:48 PM] Sending request 'textDocument/inlayHint - (558)'.
[Trace - 1:58:48 PM] Sending request 'textDocument/inlayHint - (559)'.
[Trace - 1:58:48 PM] Sending request 'textDocument/inlayHint - (560)'.
[Trace - 1:58:48 PM] Sending notification '$/cancelRequest'.
[Trace - 1:58:48 PM] Sending notification '$/cancelRequest'.
[Trace - 1:58:48 PM] Sending notification '$/cancelRequest'.
[Trace - 1:58:48 PM] Sending request 'textDocument/semanticTokens/full - (561)'.
[Trace - 1:58:48 PM] Sending notification '$/cancelRequest'.
[Trace - 1:58:48 PM] Sending request 'textDocument/diagnostic - (562)'.
[Trace - 1:58:48 PM] Sending notification '$/cancelRequest'.
[Trace - 1:58:48 PM] Sending request 'textDocument/inlayHint - (563)'.
[Trace - 1:58:48 PM] Sending request 'textDocument/inlayHint - (564)'.
[Trace - 1:58:48 PM] Sending notification '$/cancelRequest'.
[Trace - 1:58:48 PM] Sending request 'textDocument/inlayHint - (565)'.
[Trace - 1:58:48 PM] Sending notification '$/cancelRequest'.
[Trace - 1:58:48 PM] Sending request 'textDocument/inlayHint - (566)'.
[Trace - 1:58:48 PM] Sending notification '$/cancelRequest'.
[Trace - 1:58:48 PM] Sending request 'workspace/diagnostic - (567)'.
[Trace - 1:58:48 PM] Received request 'workspace/diagnostic/refresh - (82)'.
[Trace - 1:58:48 PM] Sending response 'workspace/diagnostic/refresh - (82)'. Processing request took 0ms
[Trace - 1:58:48 PM] Sending notification '$/cancelRequest'.
[Trace - 1:58:48 PM] Sending request 'textDocument/inlayHint - (568)'.
[Trace - 1:58:48 PM] Received request 'workspace/semanticTokens/refresh - (83)'.
[Trace - 1:58:48 PM] Sending response 'workspace/semanticTokens/refresh - (83)'. Processing request took 0ms
[Trace - 1:58:48 PM] Sending notification '$/cancelRequest'.
[Trace - 1:58:49 PM] Sending request 'textDocument/inlayHint - (569)'.
[Trace - 1:58:49 PM] Received request 'workspace/inlayHint/refresh - (84)'.
[Trace - 1:58:49 PM] Sending response 'workspace/inlayHint/refresh - (84)'. Processing request took 0ms
[Trace - 1:58:49 PM] Sending request 'textDocument/inlayHint - (570)'.
[Trace - 1:58:49 PM] Received response 'textDocument/inlayHint - (557)' in 936ms.
[Trace - 1:58:49 PM] Sending notification '$/cancelRequest'.
[Trace - 1:58:49 PM] Sending request 'textDocument/inlayHint - (571)'.
[Trace - 1:58:49 PM] Received response 'textDocument/inlayHint - (558)' in 1064ms.
[Trace - 1:58:49 PM] Sending notification '$/cancelRequest'.
[Trace - 1:58:49 PM] Sending request 'textDocument/inlayHint - (572)'.
[Trace - 1:58:49 PM] Sending notification '$/cancelRequest'.
[Trace - 1:58:49 PM] Sending request 'textDocument/inlayHint - (573)'.
[Trace - 1:58:49 PM] Received response 'textDocument/inlayHint - (559)' in 1326ms.
[Trace - 1:58:49 PM] Sending notification '$/cancelRequest'.
[Trace - 1:58:49 PM] Sending notification '$/cancelRequest'.
[Trace - 1:58:49 PM] Sending request 'textDocument/documentColor - (574)'.
[Trace - 1:58:49 PM] Sending request 'textDocument/inlayHint - (575)'.
[Trace - 1:58:49 PM] Received response 'textDocument/inlayHint - (560)' in 1581ms.
[Trace - 1:58:50 PM] Sending request 'textDocument/inlayHint - (576)'.
[Trace - 1:58:50 PM] Sending notification '$/cancelRequest'.
[Trace - 1:58:50 PM] Sending request 'textDocument/inlayHint - (577)'.
[Trace - 1:58:50 PM] Sending notification '$/cancelRequest'.
[Trace - 1:58:50 PM] Sending request 'textDocument/inlayHint - (578)'.
[Trace - 1:58:50 PM] Sending notification '$/cancelRequest'.
[Trace - 1:58:50 PM] Sending request 'textDocument/inlayHint - (579)'.
[Trace - 1:58:50 PM] Sending notification '$/cancelRequest'.
[Trace - 1:58:50 PM] Sending request 'textDocument/inlayHint - (580)'.
[Trace - 1:58:50 PM] Sending notification '$/cancelRequest'.
[Trace - 1:58:50 PM] Sending notification '$/cancelRequest'.
[Trace - 1:58:50 PM] Sending request 'textDocument/codeAction - (581)'.
[Trace - 1:58:50 PM] Sending request 'textDocument/foldingRange - (582)'.
[Trace - 1:58:50 PM] Sending request 'textDocument/documentSymbol - (583)'.
[Trace - 1:58:50 PM] Received response 'textDocument/semanticTokens/full - (561)' in 2651ms.
[Trace - 1:58:51 PM] Sending request 'textDocument/codeLens - (584)'.
[Trace - 1:58:51 PM] Sending request 'textDocument/documentSymbol - (585)'.
[Trace - 1:58:51 PM] Sending request 'textDocument/inlayHint - (586)'.
[Trace - 1:58:51 PM] Sending request 'textDocument/documentColor - (587)'.
[Trace - 1:58:51 PM] Received response 'textDocument/diagnostic - (562)' in 3168ms.
[Trace - 1:58:51 PM] Sending request 'textDocument/documentLink - (588)'.
[Trace - 1:58:51 PM] Sending request 'gluals/annotator - (589)'.
[Trace - 1:58:51 PM] Sending request 'textDocument/diagnostic - (590)'.
[Trace - 1:58:51 PM] Sending request 'textDocument/semanticTokens/full - (591)'.
[Trace - 1:58:51 PM] Sending notification '$/cancelRequest'.
[Trace - 1:58:51 PM] Sending request 'textDocument/codeAction - (592)'.
[Trace - 1:58:52 PM] Received response 'textDocument/inlayHint - (563)' in 3699ms.
[Trace - 1:58:52 PM] Received response 'textDocument/inlayHint - (564)' in 4082ms.
[Trace - 1:58:52 PM] Received response 'textDocument/inlayHint - (565)' in 3941ms. Request failed: cancel (-32800).
[Trace - 1:58:52 PM] Received response 'workspace/diagnostic - (567)' in 3550ms.
[Trace - 1:58:52 PM] Received response 'textDocument/inlayHint - (566)' in 3687ms.
[Trace - 1:58:52 PM] Received response 'textDocument/inlayHint - (568)' in 3673ms.
[Trace - 1:58:52 PM] Received response 'textDocument/inlayHint - (569)' in 3546ms. Request failed: cancel (-32800).
[Trace - 1:58:52 PM] Received response 'textDocument/inlayHint - (570)' in 3414ms. Request failed: cancel (-32800).
[Trace - 1:58:52 PM] Received response 'textDocument/inlayHint - (571)' in 3541ms.
[Trace - 1:58:52 PM] Received response 'textDocument/inlayHint - (572)' in 3413ms.
[Trace - 1:58:52 PM] Received response 'textDocument/inlayHint - (573)' in 3282ms. Request failed: cancel (-32800).
[Trace - 1:58:53 PM] Received response 'textDocument/documentColor - (574)' in 3410ms.
[Trace - 1:58:53 PM] Received response 'textDocument/inlayHint - (575)' in 3283ms.
[Trace - 1:58:53 PM] Received response 'textDocument/inlayHint - (576)' in 3152ms. Request failed: cancel (-32800).
[Trace - 1:58:53 PM] Received response 'textDocument/inlayHint - (577)' in 3435ms.
[Trace - 1:58:53 PM] Received response 'textDocument/inlayHint - (578)' in 3307ms.
[Trace - 1:58:53 PM] Received response 'textDocument/inlayHint - (579)' in 3182ms. Request failed: cancel (-32800).
[Trace - 1:58:53 PM] Received response 'textDocument/inlayHint - (580)' in 3190ms.
[Trace - 1:58:53 PM] Received response 'textDocument/codeAction - (581)' in 3323ms.
[Trace - 1:58:53 PM] Received response 'textDocument/foldingRange - (582)' in 3160ms.
[Trace - 1:58:53 PM] Received response 'textDocument/documentSymbol - (583)' in 3033ms.
[Trace - 1:58:53 PM] Received response 'textDocument/codeLens - (584)' in 2903ms.
[Trace - 1:58:54 PM] Received response 'textDocument/documentSymbol - (585)' in 3032ms.
[Trace - 1:58:54 PM] Received response 'textDocument/inlayHint - (586)' in 2902ms.
[Trace - 1:58:54 PM] Received response 'textDocument/documentColor - (587)' in 2776ms.
[Trace - 1:58:54 PM] Received response 'textDocument/documentLink - (588)' in 3031ms.
[Trace - 1:58:54 PM] Sending request 'workspace/diagnostic - (593)'.
[Trace - 1:58:54 PM] Received response 'gluals/annotator - (589)' in 3221ms.
[Trace - 1:58:55 PM] Received response 'textDocument/diagnostic - (590)' in 3362ms.
[Trace - 1:58:55 PM] Received response 'textDocument/semanticTokens/full - (591)' in 3363ms.
[Trace - 1:58:55 PM] Received response 'textDocument/codeAction - (592)' in 3231ms.
[Trace - 1:58:55 PM] Received response 'workspace/diagnostic - (593)' in 402ms.
[Trace - 1:58:55 PM] Sending request 'textDocument/codeAction - (594)'.
[Trace - 1:58:55 PM] Received response 'textDocument/codeAction - (594)' in 2ms.
